<?xml version="1.0" encoding="UTF-8" ?>
<testsuite tests="39" failures="0" name="com.cucumber.MavenCucumberLogin.LoginRunnerTest" time="0.015" errors="4" skipped="0">
  <properties>
[...]
</properties>
  <testcase classname="| Mozila | mngr253411 | YdYsytA | success |" name="Given I go to &quot;loginURL&quot; on &quot;Mozila&quot;" time="0.005"/>
  <testcase classname="| Mozila | mngr253411 | YdYsytA | success |" name="And I enter &quot;loginusername&quot; as &quot;mngr253411&quot;" time="0"/>
  <testcase classname="| Mozila | mngr253411 | YdYsytA | success |" name="And I enter &quot;loginpassword&quot; as &quot;YdYsytA&quot;" time="0"/>
  <testcase classname="| Mozila | mngr253411 | YdYsytA | success |" name="And I click on &quot;LoginButton&quot;" time="0"/>
  <testcase classname="| Mozila | mngr253411 | YdYsytA | success |" name="Then login should be &quot;success&quot;" time="0"/>
  <testcase classname="| Mozila | mngr253411 | YdYsytA | success |" name="| Mozila | mngr253411 | YdYsytA | success |" time="0.001"/>
  <testcase classname="| Mozila | xxxxxxx | yyyyyyyy | Unsuccess |" name="Given I go to &quot;loginURL&quot; on &quot;Mozila&quot;" time="0"/>
  <testcase classname="| Mozila | xxxxxxx | yyyyyyyy | Unsuccess |" name="And I enter &quot;loginusername&quot; as &quot;xxxxxxx&quot;" time="0"/>
  <testcase classname="| Mozila | xxxxxxx | yyyyyyyy | Unsuccess |" name="And I enter &quot;loginpassword&quot; as &quot;yyyyyyyy&quot;" time="0"/>
  <testcase classname="| Mozila | xxxxxxx | yyyyyyyy | Unsuccess |" name="And I click on &quot;LoginButton&quot;" time="0"/>
  <testcase classname="| Mozila | xxxxxxx | yyyyyyyy | Unsuccess |" name="Then login should be &quot;Unsuccess&quot;" time="0.003">
    <error message="Dismissed user prompt dialog: User or Password is not valid: 
Build info: version: &apos;3.141.59&apos;, revision: &apos;e82be7d358&apos;, time: &apos;2018-11-14T08:17:03&apos;
System info: host: &apos;DESKTOP-7C88RL8&apos;, ip: &apos;192.168.0.4&apos;, os.name: &apos;Windows 10&apos;, os.arch: &apos;amd64&apos;, os.version: &apos;10.0&apos;, java.version: &apos;1.8.0_241&apos;
Driver info: org.openqa.selenium.firefox.FirefoxDriver
Capabilities {acceptInsecureCerts: true, browserName: firefox, browserVersion: 74.0, javascriptEnabled: true, moz:accessibilityChecks: false, moz:buildID: 20200309095159, moz:geckodriverVersion: 0.24.0, moz:headless: false, moz:processID: 28212, moz:profile: C:\Users\swina\AppData\Loca..., moz:shutdownTimeout: 60000, moz:useNonSpecCompliantPointerOrigin: false, moz:webdriverClick: true, pageLoadStrategy: normal, platform: WINDOWS, platformName: WINDOWS, platformVersion: 10.0, rotatable: false, setWindowRect: true, strictFileInteractability: false, timeouts: {implicit: 0, pageLoad: 300000, script: 30000}, unhandledPromptBehavior: dismiss and notify}
Session ID: 4c30ca86-5561-4d11-bc9a-161513974344
*** Element info: {Using=xpath, value=//a[@href=&apos;addcustomerpage.php&apos;]}" type="org.openqa.selenium.UnhandledAlertException">org.openqa.selenium.UnhandledAlertException: Dismissed user prompt dialog: User or Password is not valid: 
Build info: version: &apos;3.141.59&apos;, revision: &apos;e82be7d358&apos;, time: &apos;2018-11-14T08:17:03&apos;
System info: host: &apos;DESKTOP-7C88RL8&apos;, ip: &apos;192.168.0.4&apos;, os.name: &apos;Windows 10&apos;, os.arch: &apos;amd64&apos;, os.version: &apos;10.0&apos;, java.version: &apos;1.8.0_241&apos;
Driver info: org.openqa.selenium.firefox.FirefoxDriver
Capabilities {acceptInsecureCerts: true, browserName: firefox, browserVersion: 74.0, javascriptEnabled: true, moz:accessibilityChecks: false, moz:buildID: 20200309095159, moz:geckodriverVersion: 0.24.0, moz:headless: false, moz:processID: 28212, moz:profile: C:\Users\swina\AppData\Loca..., moz:shutdownTimeout: 60000, moz:useNonSpecCompliantPointerOrigin: false, moz:webdriverClick: true, pageLoadStrategy: normal, platform: WINDOWS, platformName: WINDOWS, platformVersion: 10.0, rotatable: false, setWindowRect: true, strictFileInteractability: false, timeouts: {implicit: 0, pageLoad: 300000, script: 30000}, unhandledPromptBehavior: dismiss and notify}
Session ID: 4c30ca86-5561-4d11-bc9a-161513974344
*** Element info: {Using=xpath, value=//a[@href=&apos;addcustomerpage.php&apos;]}
	at org.openqa.selenium.remote.http.W3CHttpResponseCodec.decode(W3CHttpResponseCodec.java:120)
	at org.openqa.selenium.remote.http.W3CHttpResponseCodec.decode(W3CHttpResponseCodec.java:49)
	at org.openqa.selenium.remote.HttpCommandExecutor.execute(HttpCommandExecutor.java:158)
	at org.openqa.selenium.remote.service.DriverCommandExecutor.execute(DriverCommandExecutor.java:83)
	at org.openqa.selenium.remote.RemoteWebDriver.execute(RemoteWebDriver.java:552)
	at org.openqa.selenium.remote.RemoteWebDriver.findElements(RemoteWebDriver.java:353)
	at org.openqa.selenium.remote.RemoteWebDriver.findElementsByXPath(RemoteWebDriver.java:432)
	at org.openqa.selenium.By$ByXPath.findElements(By.java:348)
	at org.openqa.selenium.remote.RemoteWebDriver.findElements(RemoteWebDriver.java:311)
	at com.cucumber.MavenCucumberLogin.WebConnector.isElementPresent(WebConnector.java:79)
	at com.cucumber.MavenCucumberLogin.LoginSteps.login_should_be(LoginSteps.java:43)
	at ✽.Then login should be &quot;Unsuccess&quot;(login.feature:14)
</error>
    <system-out>login should be Unsuccess 
</system-out>
  </testcase>
  <testcase classname="| Mozila | xxxxxxx | yyyyyyyy | Unsuccess |" name="| Mozila | xxxxxxx | yyyyyyyy | Unsuccess |" time="0.004">
    <error message="Dismissed user prompt dialog: User or Password is not valid: 
Build info: version: &apos;3.141.59&apos;, revision: &apos;e82be7d358&apos;, time: &apos;2018-11-14T08:17:03&apos;
System info: host: &apos;DESKTOP-7C88RL8&apos;, ip: &apos;192.168.0.4&apos;, os.name: &apos;Windows 10&apos;, os.arch: &apos;amd64&apos;, os.version: &apos;10.0&apos;, java.version: &apos;1.8.0_241&apos;
Driver info: org.openqa.selenium.firefox.FirefoxDriver
Capabilities {acceptInsecureCerts: true, browserName: firefox, browserVersion: 74.0, javascriptEnabled: true, moz:accessibilityChecks: false, moz:buildID: 20200309095159, moz:geckodriverVersion: 0.24.0, moz:headless: false, moz:processID: 28212, moz:profile: C:\Users\swina\AppData\Loca..., moz:shutdownTimeout: 60000, moz:useNonSpecCompliantPointerOrigin: false, moz:webdriverClick: true, pageLoadStrategy: normal, platform: WINDOWS, platformName: WINDOWS, platformVersion: 10.0, rotatable: false, setWindowRect: true, strictFileInteractability: false, timeouts: {implicit: 0, pageLoad: 300000, script: 30000}, unhandledPromptBehavior: dismiss and notify}
Session ID: 4c30ca86-5561-4d11-bc9a-161513974344
*** Element info: {Using=xpath, value=//a[@href=&apos;addcustomerpage.php&apos;]}" type="org.openqa.selenium.UnhandledAlertException">org.openqa.selenium.UnhandledAlertException: Dismissed user prompt dialog: User or Password is not valid: 
Build info: version: &apos;3.141.59&apos;, revision: &apos;e82be7d358&apos;, time: &apos;2018-11-14T08:17:03&apos;
System info: host: &apos;DESKTOP-7C88RL8&apos;, ip: &apos;192.168.0.4&apos;, os.name: &apos;Windows 10&apos;, os.arch: &apos;amd64&apos;, os.version: &apos;10.0&apos;, java.version: &apos;1.8.0_241&apos;
Driver info: org.openqa.selenium.firefox.FirefoxDriver
Capabilities {acceptInsecureCerts: true, browserName: firefox, browserVersion: 74.0, javascriptEnabled: true, moz:accessibilityChecks: false, moz:buildID: 20200309095159, moz:geckodriverVersion: 0.24.0, moz:headless: false, moz:processID: 28212, moz:profile: C:\Users\swina\AppData\Loca..., moz:shutdownTimeout: 60000, moz:useNonSpecCompliantPointerOrigin: false, moz:webdriverClick: true, pageLoadStrategy: normal, platform: WINDOWS, platformName: WINDOWS, platformVersion: 10.0, rotatable: false, setWindowRect: true, strictFileInteractability: false, timeouts: {implicit: 0, pageLoad: 300000, script: 30000}, unhandledPromptBehavior: dismiss and notify}
Session ID: 4c30ca86-5561-4d11-bc9a-161513974344
*** Element info: {Using=xpath, value=//a[@href=&apos;addcustomerpage.php&apos;]}
	at org.openqa.selenium.remote.http.W3CHttpResponseCodec.decode(W3CHttpResponseCodec.java:120)
	at org.openqa.selenium.remote.http.W3CHttpResponseCodec.decode(W3CHttpResponseCodec.java:49)
	at org.openqa.selenium.remote.HttpCommandExecutor.execute(HttpCommandExecutor.java:158)
	at org.openqa.selenium.remote.service.DriverCommandExecutor.execute(DriverCommandExecutor.java:83)
	at org.openqa.selenium.remote.RemoteWebDriver.execute(RemoteWebDriver.java:552)
	at org.openqa.selenium.remote.RemoteWebDriver.findElements(RemoteWebDriver.java:353)
	at org.openqa.selenium.remote.RemoteWebDriver.findElementsByXPath(RemoteWebDriver.java:432)
	at org.openqa.selenium.By$ByXPath.findElements(By.java:348)
	at org.openqa.selenium.remote.RemoteWebDriver.findElements(RemoteWebDriver.java:311)
	at com.cucumber.MavenCucumberLogin.WebConnector.isElementPresent(WebConnector.java:79)
	at com.cucumber.MavenCucumberLogin.LoginSteps.login_should_be(LoginSteps.java:43)
	at ✽.Then login should be &quot;Unsuccess&quot;(login.feature:14)
</error>
  </testcase>
  <testcase classname="| Chrome | mngr253411 | YdYsytA | success |" name="Given I go to &quot;loginURL&quot; on &quot;Chrome&quot;" time="0"/>
  <testcase classname="| Chrome | mngr253411 | YdYsytA | success |" name="And I enter &quot;loginusername&quot; as &quot;mngr253411&quot;" time="0"/>
  <testcase classname="| Chrome | mngr253411 | YdYsytA | success |" name="And I enter &quot;loginpassword&quot; as &quot;YdYsytA&quot;" time="0"/>
  <testcase classname="| Chrome | mngr253411 | YdYsytA | success |" name="And I click on &quot;LoginButton&quot;" time="0"/>
  <testcase classname="| Chrome | mngr253411 | YdYsytA | success |" name="Then login should be &quot;success&quot;" time="0"/>
  <testcase classname="| Chrome | mngr253411 | YdYsytA | success |" name="| Chrome | mngr253411 | YdYsytA | success |" time="0"/>
  <testcase classname="| Chrome | xxxxxxx | yyyyyyyy | Unsuccess |" name="Given I go to &quot;loginURL&quot; on &quot;Chrome&quot;" time="0"/>
  <testcase classname="| Chrome | xxxxxxx | yyyyyyyy | Unsuccess |" name="And I enter &quot;loginusername&quot; as &quot;xxxxxxx&quot;" time="0"/>
  <testcase classname="| Chrome | xxxxxxx | yyyyyyyy | Unsuccess |" name="And I enter &quot;loginpassword&quot; as &quot;yyyyyyyy&quot;" time="0"/>
  <testcase classname="| Chrome | xxxxxxx | yyyyyyyy | Unsuccess |" name="And I click on &quot;LoginButton&quot;" time="0"/>
  <testcase classname="| Chrome | xxxxxxx | yyyyyyyy | Unsuccess |" name="Then login should be &quot;Unsuccess&quot;" time="0.001">
    <error message="unexpected alert open: {Alert text : User or Password is not valid}
  (Session info: chrome=80.0.3987.149): User or Password is not valid
Build info: version: &apos;3.141.59&apos;, revision: &apos;e82be7d358&apos;, time: &apos;2018-11-14T08:17:03&apos;
System info: host: &apos;DESKTOP-7C88RL8&apos;, ip: &apos;192.168.0.4&apos;, os.name: &apos;Windows 10&apos;, os.arch: &apos;amd64&apos;, os.version: &apos;10.0&apos;, java.version: &apos;1.8.0_241&apos;
Driver info: org.openqa.selenium.chrome.ChromeDriver
Capabilities {acceptInsecureCerts: false, browserName: chrome, browserVersion: 80.0.3987.149, chrome: {chromedriverVersion: 80.0.3987.106 (f68069574609..., userDataDir: C:\Users\swina\AppData\Loca...}, goog:chromeOptions: {debuggerAddress: localhost:65241}, javascriptEnabled: true, networkConnectionEnabled: false, pageLoadStrategy: normal, platform: WINDOWS, platformName: WINDOWS, proxy: Proxy(), setWindowRect: true, strictFileInteractability: false, timeouts: {implicit: 0, pageLoad: 300000, script: 30000}, unhandledPromptBehavior: dismiss and notify}
Session ID: a3bed0a6ebf34f2abd0970e60d2c7f7b
*** Element info: {Using=xpath, value=//a[@href=&apos;addcustomerpage.php&apos;]}" type="org.openqa.selenium.UnhandledAlertException">org.openqa.selenium.UnhandledAlertException: unexpected alert open: {Alert text : User or Password is not valid}
  (Session info: chrome=80.0.3987.149): User or Password is not valid
Build info: version: &apos;3.141.59&apos;, revision: &apos;e82be7d358&apos;, time: &apos;2018-11-14T08:17:03&apos;
System info: host: &apos;DESKTOP-7C88RL8&apos;, ip: &apos;192.168.0.4&apos;, os.name: &apos;Windows 10&apos;, os.arch: &apos;amd64&apos;, os.version: &apos;10.0&apos;, java.version: &apos;1.8.0_241&apos;
Driver info: org.openqa.selenium.chrome.ChromeDriver
Capabilities {acceptInsecureCerts: false, browserName: chrome, browserVersion: 80.0.3987.149, chrome: {chromedriverVersion: 80.0.3987.106 (f68069574609..., userDataDir: C:\Users\swina\AppData\Loca...}, goog:chromeOptions: {debuggerAddress: localhost:65241}, javascriptEnabled: true, networkConnectionEnabled: false, pageLoadStrategy: normal, platform: WINDOWS, platformName: WINDOWS, proxy: Proxy(), setWindowRect: true, strictFileInteractability: false, timeouts: {implicit: 0, pageLoad: 300000, script: 30000}, unhandledPromptBehavior: dismiss and notify}
Session ID: a3bed0a6ebf34f2abd0970e60d2c7f7b
*** Element info: {Using=xpath, value=//a[@href=&apos;addcustomerpage.php&apos;]}
	at org.openqa.selenium.remote.http.W3CHttpResponseCodec.decode(W3CHttpResponseCodec.java:120)
	at org.openqa.selenium.remote.http.W3CHttpResponseCodec.decode(W3CHttpResponseCodec.java:49)
	at org.openqa.selenium.remote.HttpCommandExecutor.execute(HttpCommandExecutor.java:158)
	at org.openqa.selenium.remote.service.DriverCommandExecutor.execute(DriverCommandExecutor.java:83)
	at org.openqa.selenium.remote.RemoteWebDriver.execute(RemoteWebDriver.java:552)
	at org.openqa.selenium.remote.RemoteWebDriver.findElements(RemoteWebDriver.java:353)
	at org.openqa.selenium.remote.RemoteWebDriver.findElementsByXPath(RemoteWebDriver.java:432)
	at org.openqa.selenium.By$ByXPath.findElements(By.java:348)
	at org.openqa.selenium.remote.RemoteWebDriver.findElements(RemoteWebDriver.java:311)
	at com.cucumber.MavenCucumberLogin.WebConnector.isElementPresent(WebConnector.java:79)
	at com.cucumber.MavenCucumberLogin.LoginSteps.login_should_be(LoginSteps.java:43)
	at ✽.Then login should be &quot;Unsuccess&quot;(login.feature:14)
</error>
    <system-out>login should be Unsuccess 
</system-out>
  </testcase>
  <testcase classname="| Chrome | xxxxxxx | yyyyyyyy | Unsuccess |" name="| Chrome | xxxxxxx | yyyyyyyy | Unsuccess |" time="0.001">
    <error message="unexpected alert open: {Alert text : User or Password is not valid}
  (Session info: chrome=80.0.3987.149): User or Password is not valid
Build info: version: &apos;3.141.59&apos;, revision: &apos;e82be7d358&apos;, time: &apos;2018-11-14T08:17:03&apos;
System info: host: &apos;DESKTOP-7C88RL8&apos;, ip: &apos;192.168.0.4&apos;, os.name: &apos;Windows 10&apos;, os.arch: &apos;amd64&apos;, os.version: &apos;10.0&apos;, java.version: &apos;1.8.0_241&apos;
Driver info: org.openqa.selenium.chrome.ChromeDriver
Capabilities {acceptInsecureCerts: false, browserName: chrome, browserVersion: 80.0.3987.149, chrome: {chromedriverVersion: 80.0.3987.106 (f68069574609..., userDataDir: C:\Users\swina\AppData\Loca...}, goog:chromeOptions: {debuggerAddress: localhost:65241}, javascriptEnabled: true, networkConnectionEnabled: false, pageLoadStrategy: normal, platform: WINDOWS, platformName: WINDOWS, proxy: Proxy(), setWindowRect: true, strictFileInteractability: false, timeouts: {implicit: 0, pageLoad: 300000, script: 30000}, unhandledPromptBehavior: dismiss and notify}
Session ID: a3bed0a6ebf34f2abd0970e60d2c7f7b
*** Element info: {Using=xpath, value=//a[@href=&apos;addcustomerpage.php&apos;]}" type="org.openqa.selenium.UnhandledAlertException">org.openqa.selenium.UnhandledAlertException: unexpected alert open: {Alert text : User or Password is not valid}
  (Session info: chrome=80.0.3987.149): User or Password is not valid
Build info: version: &apos;3.141.59&apos;, revision: &apos;e82be7d358&apos;, time: &apos;2018-11-14T08:17:03&apos;
System info: host: &apos;DESKTOP-7C88RL8&apos;, ip: &apos;192.168.0.4&apos;, os.name: &apos;Windows 10&apos;, os.arch: &apos;amd64&apos;, os.version: &apos;10.0&apos;, java.version: &apos;1.8.0_241&apos;
Driver info: org.openqa.selenium.chrome.ChromeDriver
Capabilities {acceptInsecureCerts: false, browserName: chrome, browserVersion: 80.0.3987.149, chrome: {chromedriverVersion: 80.0.3987.106 (f68069574609..., userDataDir: C:\Users\swina\AppData\Loca...}, goog:chromeOptions: {debuggerAddress: localhost:65241}, javascriptEnabled: true, networkConnectionEnabled: false, pageLoadStrategy: normal, platform: WINDOWS, platformName: WINDOWS, proxy: Proxy(), setWindowRect: true, strictFileInteractability: false, timeouts: {implicit: 0, pageLoad: 300000, script: 30000}, unhandledPromptBehavior: dismiss and notify}
Session ID: a3bed0a6ebf34f2abd0970e60d2c7f7b
*** Element info: {Using=xpath, value=//a[@href=&apos;addcustomerpage.php&apos;]}
	at org.openqa.selenium.remote.http.W3CHttpResponseCodec.decode(W3CHttpResponseCodec.java:120)
	at org.openqa.selenium.remote.http.W3CHttpResponseCodec.decode(W3CHttpResponseCodec.java:49)
	at org.openqa.selenium.remote.HttpCommandExecutor.execute(HttpCommandExecutor.java:158)
	at org.openqa.selenium.remote.service.DriverCommandExecutor.execute(DriverCommandExecutor.java:83)
	at org.openqa.selenium.remote.RemoteWebDriver.execute(RemoteWebDriver.java:552)
	at org.openqa.selenium.remote.RemoteWebDriver.findElements(RemoteWebDriver.java:353)
	at org.openqa.selenium.remote.RemoteWebDriver.findElementsByXPath(RemoteWebDriver.java:432)
	at org.openqa.selenium.By$ByXPath.findElements(By.java:348)
	at org.openqa.selenium.remote.RemoteWebDriver.findElements(RemoteWebDriver.java:311)
	at com.cucumber.MavenCucumberLogin.WebConnector.isElementPresent(WebConnector.java:79)
	at com.cucumber.MavenCucumberLogin.LoginSteps.login_should_be(LoginSteps.java:43)
	at ✽.Then login should be &quot;Unsuccess&quot;(login.feature:14)
</error>
  </testcase>
  <testcase classname="| Chrome | newcustomer | custnamefield |" name="Given I am logged in &quot;Chrome&quot;" time="0"/>
  <testcase classname="| Chrome | newcustomer | custnamefield |" name="Then Check all tabs on the manager home page should be present" time="0"/>
  <testcase classname="| Chrome | newcustomer | custnamefield |" name="And I click on &quot;newcustomer&quot; after login" time="0"/>
  <testcase classname="| Chrome | newcustomer | custnamefield |" name="Then &quot;custnamefield&quot; element should be present" time="0"/>
  <testcase classname="| Chrome | newcustomer | custnamefield |" name="| Chrome | newcustomer | custnamefield |" time="0"/>
  <testcase classname="| Chrome | editcustomer | custIDfield |" name="Given I am logged in &quot;Chrome&quot;" time="0"/>
  <testcase classname="| Chrome | editcustomer | custIDfield |" name="Then Check all tabs on the manager home page should be present" time="0"/>
  <testcase classname="| Chrome | editcustomer | custIDfield |" name="And I click on &quot;editcustomer&quot; after login" time="0"/>
  <testcase classname="| Chrome | editcustomer | custIDfield |" name="Then &quot;custIDfield&quot; element should be present" time="0"/>
  <testcase classname="| Chrome | editcustomer | custIDfield |" name="| Chrome | editcustomer | custIDfield |" time="0"/>
  <testcase classname="| Chrome | deletecustomer | custDelete |" name="Given I am logged in &quot;Chrome&quot;" time="0"/>
  <testcase classname="| Chrome | deletecustomer | custDelete |" name="Then Check all tabs on the manager home page should be present" time="0"/>
  <testcase classname="| Chrome | deletecustomer | custDelete |" name="And I click on &quot;deletecustomer&quot; after login" time="0"/>
  <testcase classname="| Chrome | deletecustomer | custDelete |" name="Then &quot;custDelete&quot; element should be present" time="0"/>
  <testcase classname="| Chrome | deletecustomer | custDelete |" name="| Chrome | deletecustomer | custDelete |" time="0"/>
</testsuite>