<?xml version="1.0" encoding="UTF-8"?>
<testsuite xmlns:xsi="http://www.w3.org/2001/XMLSchema-instance" xsi:noNamespaceSchemaLocation="https://maven.apache.org/surefire/maven-surefire-plugin/xsd/surefire-test-report-3.0.xsd" version="3.0" name="com.cucumber.MavenCucumberLogin.LoginRunnerTest" time="26.908" tests="24" errors="4" skipped="0" failures="0">
  <properties>
[...]
</properties>
  <testcase name="Given I go to &quot;loginURL&quot; on &quot;Mozila&quot;" classname="| Mozila | mngr253411 | YdYsytA | success |" time="0.002"/>
  <testcase name="And I enter &quot;loginusername&quot; as &quot;mngr253411&quot;" classname="| Mozila | mngr253411 | YdYsytA | success |" time="0"/>
  <testcase name="And I enter &quot;loginpassword&quot; as &quot;YdYsytA&quot;" classname="| Mozila | mngr253411 | YdYsytA | success |" time="0.001"/>
  <testcase name="And I click on &quot;LoginButton&quot;" classname="| Mozila | mngr253411 | YdYsytA | success |" time="0"/>
  <testcase name="Then login should be &quot;success&quot;" classname="| Mozila | mngr253411 | YdYsytA | success |" time="0"/>
  <testcase name="" classname="| Mozila | mngr253411 | YdYsytA | success |" time="0.001"/>
  <testcase name="Given I go to &quot;loginURL&quot; on &quot;Mozila&quot;" classname="| Mozila | xxxxxxx | yyyyyyyy | Unsuccess |" time="0"/>
  <testcase name="And I enter &quot;loginusername&quot; as &quot;xxxxxxx&quot;" classname="| Mozila | xxxxxxx | yyyyyyyy | Unsuccess |" time="0"/>
  <testcase name="And I enter &quot;loginpassword&quot; as &quot;yyyyyyyy&quot;" classname="| Mozila | xxxxxxx | yyyyyyyy | Unsuccess |" time="0"/>
  <testcase name="And I click on &quot;LoginButton&quot;" classname="| Mozila | xxxxxxx | yyyyyyyy | Unsuccess |" time="0"/>
  <testcase name="Then login should be &quot;Unsuccess&quot;" classname="| Mozila | xxxxxxx | yyyyyyyy | Unsuccess |" time="0.008">
    <error message="Dismissed user prompt dialog: User or Password is not valid: &#10;Build info: version: &apos;3.141.59&apos;, revision: &apos;e82be7d358&apos;, time: &apos;2018-11-14T08:17:03&apos;&#10;System info: host: &apos;DESKTOP-7C88RL8&apos;, ip: &apos;192.168.0.4&apos;, os.name: &apos;Windows 10&apos;, os.arch: &apos;amd64&apos;, os.version: &apos;10.0&apos;, java.version: &apos;1.8.0_241&apos;&#10;Driver info: org.openqa.selenium.firefox.FirefoxDriver&#10;Capabilities {acceptInsecureCerts: true, browserName: firefox, browserVersion: 74.0, javascriptEnabled: true, moz:accessibilityChecks: false, moz:buildID: 20200309095159, moz:geckodriverVersion: 0.24.0, moz:headless: false, moz:processID: 24612, moz:profile: C:\Users\swina\AppData\Loca..., moz:shutdownTimeout: 60000, moz:useNonSpecCompliantPointerOrigin: false, moz:webdriverClick: true, pageLoadStrategy: normal, platform: WINDOWS, platformName: WINDOWS, platformVersion: 10.0, rotatable: false, setWindowRect: true, strictFileInteractability: false, timeouts: {implicit: 0, pageLoad: 300000, script: 30000}, unhandledPromptBehavior: dismiss and notify}&#10;Session ID: 6dd630f2-fac7-4620-8ce7-75214792974d&#10;*** Element info: {Using=xpath, value=//a[@href=&apos;addcustomerpage.php&apos;]}" type="org.openqa.selenium.UnhandledAlertException"><![CDATA[org.openqa.selenium.UnhandledAlertException: 
Dismissed user prompt dialog: User or Password is not valid: 
Build info: version: '3.141.59', revision: 'e82be7d358', time: '2018-11-14T08:17:03'
System info: host: 'DESKTOP-7C88RL8', ip: '192.168.0.4', os.name: 'Windows 10', os.arch: 'amd64', os.version: '10.0', java.version: '1.8.0_241'
Driver info: org.openqa.selenium.firefox.FirefoxDriver
Capabilities {acceptInsecureCerts: true, browserName: firefox, browserVersion: 74.0, javascriptEnabled: true, moz:accessibilityChecks: false, moz:buildID: 20200309095159, moz:geckodriverVersion: 0.24.0, moz:headless: false, moz:processID: 24612, moz:profile: C:\Users\swina\AppData\Loca..., moz:shutdownTimeout: 60000, moz:useNonSpecCompliantPointerOrigin: false, moz:webdriverClick: true, pageLoadStrategy: normal, platform: WINDOWS, platformName: WINDOWS, platformVersion: 10.0, rotatable: false, setWindowRect: true, strictFileInteractability: false, timeouts: {implicit: 0, pageLoad: 300000, script: 30000}, unhandledPromptBehavior: dismiss and notify}
Session ID: 6dd630f2-fac7-4620-8ce7-75214792974d
*** Element info: {Using=xpath, value=//a[@href='addcustomerpage.php']}
]]></error>
    <system-out><![CDATA[login should be Unsuccess 
]]></system-out>
  </testcase>
  <testcase name="" classname="| Mozila | xxxxxxx | yyyyyyyy | Unsuccess |" time="0.009">
    <error message="Dismissed user prompt dialog: User or Password is not valid: &#10;Build info: version: &apos;3.141.59&apos;, revision: &apos;e82be7d358&apos;, time: &apos;2018-11-14T08:17:03&apos;&#10;System info: host: &apos;DESKTOP-7C88RL8&apos;, ip: &apos;192.168.0.4&apos;, os.name: &apos;Windows 10&apos;, os.arch: &apos;amd64&apos;, os.version: &apos;10.0&apos;, java.version: &apos;1.8.0_241&apos;&#10;Driver info: org.openqa.selenium.firefox.FirefoxDriver&#10;Capabilities {acceptInsecureCerts: true, browserName: firefox, browserVersion: 74.0, javascriptEnabled: true, moz:accessibilityChecks: false, moz:buildID: 20200309095159, moz:geckodriverVersion: 0.24.0, moz:headless: false, moz:processID: 24612, moz:profile: C:\Users\swina\AppData\Loca..., moz:shutdownTimeout: 60000, moz:useNonSpecCompliantPointerOrigin: false, moz:webdriverClick: true, pageLoadStrategy: normal, platform: WINDOWS, platformName: WINDOWS, platformVersion: 10.0, rotatable: false, setWindowRect: true, strictFileInteractability: false, timeouts: {implicit: 0, pageLoad: 300000, script: 30000}, unhandledPromptBehavior: dismiss and notify}&#10;Session ID: 6dd630f2-fac7-4620-8ce7-75214792974d&#10;*** Element info: {Using=xpath, value=//a[@href=&apos;addcustomerpage.php&apos;]}" type="org.openqa.selenium.UnhandledAlertException"><![CDATA[org.openqa.selenium.UnhandledAlertException: 
Dismissed user prompt dialog: User or Password is not valid: 
Build info: version: '3.141.59', revision: 'e82be7d358', time: '2018-11-14T08:17:03'
System info: host: 'DESKTOP-7C88RL8', ip: '192.168.0.4', os.name: 'Windows 10', os.arch: 'amd64', os.version: '10.0', java.version: '1.8.0_241'
Driver info: org.openqa.selenium.firefox.FirefoxDriver
Capabilities {acceptInsecureCerts: true, browserName: firefox, browserVersion: 74.0, javascriptEnabled: true, moz:accessibilityChecks: false, moz:buildID: 20200309095159, moz:geckodriverVersion: 0.24.0, moz:headless: false, moz:processID: 24612, moz:profile: C:\Users\swina\AppData\Loca..., moz:shutdownTimeout: 60000, moz:useNonSpecCompliantPointerOrigin: false, moz:webdriverClick: true, pageLoadStrategy: normal, platform: WINDOWS, platformName: WINDOWS, platformVersion: 10.0, rotatable: false, setWindowRect: true, strictFileInteractability: false, timeouts: {implicit: 0, pageLoad: 300000, script: 30000}, unhandledPromptBehavior: dismiss and notify}
Session ID: 6dd630f2-fac7-4620-8ce7-75214792974d
*** Element info: {Using=xpath, value=//a[@href='addcustomerpage.php']}
]]></error>
  </testcase>
  <testcase name="Given I go to &quot;loginURL&quot; on &quot;Chrome&quot;" classname="| Chrome | mngr253411 | YdYsytA | success |" time="0"/>
  <testcase name="And I enter &quot;loginusername&quot; as &quot;mngr253411&quot;" classname="| Chrome | mngr253411 | YdYsytA | success |" time="0"/>
  <testcase name="And I enter &quot;loginpassword&quot; as &quot;YdYsytA&quot;" classname="| Chrome | mngr253411 | YdYsytA | success |" time="0"/>
  <testcase name="And I click on &quot;LoginButton&quot;" classname="| Chrome | mngr253411 | YdYsytA | success |" time="0"/>
  <testcase name="Then login should be &quot;success&quot;" classname="| Chrome | mngr253411 | YdYsytA | success |" time="0"/>
  <testcase name="" classname="| Chrome | mngr253411 | YdYsytA | success |" time="0.001"/>
  <testcase name="Given I go to &quot;loginURL&quot; on &quot;Chrome&quot;" classname="| Chrome | xxxxxxx | yyyyyyyy | Unsuccess |" time="0"/>
  <testcase name="And I enter &quot;loginusername&quot; as &quot;xxxxxxx&quot;" classname="| Chrome | xxxxxxx | yyyyyyyy | Unsuccess |" time="0"/>
  <testcase name="And I enter &quot;loginpassword&quot; as &quot;yyyyyyyy&quot;" classname="| Chrome | xxxxxxx | yyyyyyyy | Unsuccess |" time="0"/>
  <testcase name="And I click on &quot;LoginButton&quot;" classname="| Chrome | xxxxxxx | yyyyyyyy | Unsuccess |" time="0"/>
  <testcase name="Then login should be &quot;Unsuccess&quot;" classname="| Chrome | xxxxxxx | yyyyyyyy | Unsuccess |" time="0.001">
    <error message="unexpected alert open: {Alert text : User or Password is not valid}&#10;  (Session info: chrome=80.0.3987.149): User or Password is not valid&#10;Build info: version: &apos;3.141.59&apos;, revision: &apos;e82be7d358&apos;, time: &apos;2018-11-14T08:17:03&apos;&#10;System info: host: &apos;DESKTOP-7C88RL8&apos;, ip: &apos;192.168.0.4&apos;, os.name: &apos;Windows 10&apos;, os.arch: &apos;amd64&apos;, os.version: &apos;10.0&apos;, java.version: &apos;1.8.0_241&apos;&#10;Driver info: org.openqa.selenium.chrome.ChromeDriver&#10;Capabilities {acceptInsecureCerts: false, browserName: chrome, browserVersion: 80.0.3987.149, chrome: {chromedriverVersion: 80.0.3987.106 (f68069574609..., userDataDir: C:\Users\swina\AppData\Loca...}, goog:chromeOptions: {debuggerAddress: localhost:54538}, javascriptEnabled: true, networkConnectionEnabled: false, pageLoadStrategy: normal, platform: WINDOWS, platformName: WINDOWS, proxy: Proxy(), setWindowRect: true, strictFileInteractability: false, timeouts: {implicit: 0, pageLoad: 300000, script: 30000}, unhandledPromptBehavior: dismiss and notify}&#10;Session ID: 5fa1238572fd8d823475e7d9766336c7&#10;*** Element info: {Using=xpath, value=//a[@href=&apos;addcustomerpage.php&apos;]}" type="org.openqa.selenium.UnhandledAlertException"><![CDATA[org.openqa.selenium.UnhandledAlertException: 
unexpected alert open: {Alert text : User or Password is not valid}
  (Session info: chrome=80.0.3987.149): User or Password is not valid
Build info: version: '3.141.59', revision: 'e82be7d358', time: '2018-11-14T08:17:03'
System info: host: 'DESKTOP-7C88RL8', ip: '192.168.0.4', os.name: 'Windows 10', os.arch: 'amd64', os.version: '10.0', java.version: '1.8.0_241'
Driver info: org.openqa.selenium.chrome.ChromeDriver
Capabilities {acceptInsecureCerts: false, browserName: chrome, browserVersion: 80.0.3987.149, chrome: {chromedriverVersion: 80.0.3987.106 (f68069574609..., userDataDir: C:\Users\swina\AppData\Loca...}, goog:chromeOptions: {debuggerAddress: localhost:54538}, javascriptEnabled: true, networkConnectionEnabled: false, pageLoadStrategy: normal, platform: WINDOWS, platformName: WINDOWS, proxy: Proxy(), setWindowRect: true, strictFileInteractability: false, timeouts: {implicit: 0, pageLoad: 300000, script: 30000}, unhandledPromptBehavior: dismiss and notify}
Session ID: 5fa1238572fd8d823475e7d9766336c7
*** Element info: {Using=xpath, value=//a[@href='addcustomerpage.php']}
]]></error>
    <system-out><![CDATA[login should be Unsuccess 
]]></system-out>
  </testcase>
  <testcase name="" classname="| Chrome | xxxxxxx | yyyyyyyy | Unsuccess |" time="0.001">
    <error message="unexpected alert open: {Alert text : User or Password is not valid}&#10;  (Session info: chrome=80.0.3987.149): User or Password is not valid&#10;Build info: version: &apos;3.141.59&apos;, revision: &apos;e82be7d358&apos;, time: &apos;2018-11-14T08:17:03&apos;&#10;System info: host: &apos;DESKTOP-7C88RL8&apos;, ip: &apos;192.168.0.4&apos;, os.name: &apos;Windows 10&apos;, os.arch: &apos;amd64&apos;, os.version: &apos;10.0&apos;, java.version: &apos;1.8.0_241&apos;&#10;Driver info: org.openqa.selenium.chrome.ChromeDriver&#10;Capabilities {acceptInsecureCerts: false, browserName: chrome, browserVersion: 80.0.3987.149, chrome: {chromedriverVersion: 80.0.3987.106 (f68069574609..., userDataDir: C:\Users\swina\AppData\Loca...}, goog:chromeOptions: {debuggerAddress: localhost:54538}, javascriptEnabled: true, networkConnectionEnabled: false, pageLoadStrategy: normal, platform: WINDOWS, platformName: WINDOWS, proxy: Proxy(), setWindowRect: true, strictFileInteractability: false, timeouts: {implicit: 0, pageLoad: 300000, script: 30000}, unhandledPromptBehavior: dismiss and notify}&#10;Session ID: 5fa1238572fd8d823475e7d9766336c7&#10;*** Element info: {Using=xpath, value=//a[@href=&apos;addcustomerpage.php&apos;]}" type="org.openqa.selenium.UnhandledAlertException"><![CDATA[org.openqa.selenium.UnhandledAlertException: 
unexpected alert open: {Alert text : User or Password is not valid}
  (Session info: chrome=80.0.3987.149): User or Password is not valid
Build info: version: '3.141.59', revision: 'e82be7d358', time: '2018-11-14T08:17:03'
System info: host: 'DESKTOP-7C88RL8', ip: '192.168.0.4', os.name: 'Windows 10', os.arch: 'amd64', os.version: '10.0', java.version: '1.8.0_241'
Driver info: org.openqa.selenium.chrome.ChromeDriver
Capabilities {acceptInsecureCerts: false, browserName: chrome, browserVersion: 80.0.3987.149, chrome: {chromedriverVersion: 80.0.3987.106 (f68069574609..., userDataDir: C:\Users\swina\AppData\Loca...}, goog:chromeOptions: {debuggerAddress: localhost:54538}, javascriptEnabled: true, networkConnectionEnabled: false, pageLoadStrategy: normal, platform: WINDOWS, platformName: WINDOWS, proxy: Proxy(), setWindowRect: true, strictFileInteractability: false, timeouts: {implicit: 0, pageLoad: 300000, script: 30000}, unhandledPromptBehavior: dismiss and notify}
Session ID: 5fa1238572fd8d823475e7d9766336c7
*** Element info: {Using=xpath, value=//a[@href='addcustomerpage.php']}
]]></error>
  </testcase>
</testsuite>